\BOOKMARK [0][-]{chapter*.1}{Abstract}{}% 1
\BOOKMARK [0][-]{chapter*.3}{List of Figures}{}% 2
\BOOKMARK [0][-]{chapter*.4}{List of Tables}{}% 3
\BOOKMARK [0][-]{chapter..1}{1 Introduction}{}% 4
\BOOKMARK [1][-]{section..1.1}{1.1 Electrical Characteristics of Rechargeable Batteries}{chapter..1}% 5
\BOOKMARK [1][-]{section..1.2}{1.2 Battery Models}{chapter..1}% 6
\BOOKMARK [2][-]{subsection..1.2.1}{1.2.1 Electrochemical}{section..1.2}% 7
\BOOKMARK [2][-]{subsection..1.2.2}{1.2.2 Computational Intelligence}{section..1.2}% 8
\BOOKMARK [2][-]{subsection..1.2.3}{1.2.3 Analytical}{section..1.2}% 9
\BOOKMARK [2][-]{subsection..1.2.4}{1.2.4 Stochastic}{section..1.2}% 10
\BOOKMARK [2][-]{subsection..1.2.5}{1.2.5 Electrical-Circuit}{section..1.2}% 11
\BOOKMARK [2][-]{subsection..1.2.6}{1.2.6 Evaluation}{section..1.2}% 12
\BOOKMARK [1][-]{section..1.3}{1.3 Nonlinear Filtering Methods}{chapter..1}% 13
\BOOKMARK [2][-]{subsection..1.3.1}{1.3.1 Function Approximation: Extended Kalman Filter}{section..1.3}% 14
\BOOKMARK [2][-]{subsection..1.3.2}{1.3.2 Moment Approximation}{section..1.3}% 15
\BOOKMARK [3][-]{subsubsection..1.3.2.1}{1.3.2.1 Unscented Kalman Filter}{subsection..1.3.2}% 16
\BOOKMARK [3][-]{subsubsection..1.3.2.2}{1.3.2.2 Cubature Kalman Filter}{subsection..1.3.2}% 17
\BOOKMARK [2][-]{subsection..1.3.3}{1.3.3 Stochastic Model Approximation: Statistically Linearized Filter}{section..1.3}% 18
\BOOKMARK [0][-]{chapter..2}{2 Problem Setup}{}% 19
\BOOKMARK [1][-]{section..2.1}{2.1 Battery Model}{chapter..2}% 20
\BOOKMARK [1][-]{section..2.2}{2.2 Simulation Setup}{chapter..2}% 21
\BOOKMARK [1][-]{section..2.3}{2.3 Filtering Setup}{chapter..2}% 22
\BOOKMARK [0][-]{chapter..3}{3 Filtering Results}{}% 23
\BOOKMARK [0][-]{chapter..4}{4 Discussion}{}% 24
\BOOKMARK [0][-]{section*.23}{Bibliography}{}% 25
